app/app/build/outputs/logs/manifest-merger-debug-report.txt
-- Merging decision tree log ---
manifest
ADDED from src\main\AndroidManifest.xml:2:1-33:12
INJECTED from src\main\AndroidManifest.xml:2:1-33:12
INJECTED from src\main\AndroidManifest.xml:2:1-33:12
INJECTED from src\main\AndroidManifest.xml:2:1-33:12
MERGED from [com.google.android.gms:play-services:11.0.4] AndroidManifest.xml:2:1-6:12
MERGED from [com.google.android.gms:play-services-cast-framework:11.0.4] AndroidManifest.xml:2:1-9:12
MERGED from [com.google.android.gms:play-services-cast:11.0.4] AndroidManifest.xml:16:1-19:12
MERGED from [com.android.support:mediarouter-v7:25.2.0] AndroidManifest.xml:17:1-24:12
MERGED from [com.android.support:appcompat-v7:26.1.0] AndroidManifest.xml:17:1-31:12
MERGED from [com.android.support.constraint:constraint-layout:1.1.3] AndroidManifest.xml:2:1-11:12
MERGED from [com.google.firebase:firebase-database:11.0.4] AndroidManifest.xml:2:1-4:12
MERGED from [com.google.firebase:firebase-storage:11.0.4] AndroidManifest.xml:2:1-4:12
MERGED from [com.google.firebase:firebase-auth:11.0.4] AndroidManifest.xml:16:1-21:12
MERGED from [com.google.firebase:firebase-database-connection:11.0.4] AndroidManifest.xml:2:1-4:12
MERGED from [com.google.firebase:firebase-config:11.0.4] AndroidManifest.xml:16:1-19:12
MERGED from [com.google.firebase:firebase-crash:11.0.4] AndroidManifest.xml:16:1-25:12
MERGED from [com.google.android.gms:play-services-appinvite:11.0.4] AndroidManifest.xml:16:1-27:12
MERGED from [com.google.firebase:firebase-dynamic-links:11.0.4] AndroidManifest.xml:2:1-6:12
MERGED from [com.google.firebase:firebase-messaging:11.0.4] AndroidManifest.xml:16:1-30:12
MERGED from [com.google.android.gms:play-services-tagmanager:11.0.4] AndroidManifest.xml:16:1-18:12
MERGED from [com.google.android.gms:play-services-tagmanager-api:11.0.4] AndroidManifest.xml:16:1-34:12
MERGED from [com.google.firebase:firebase-analytics:11.0.4] AndroidManifest.xml:16:1-35:12
MERGED from [com.google.firebase:firebase-analytics-impl:11.0.4] AndroidManifest.xml:16:1-29:12
MERGED from [com.google.firebase:firebase-iid:11.0.4] AndroidManifest.xml:16:1-50:12
MERGED from [com.google.firebase:firebase-appindexing:11.0.4] AndroidManifest.xml:16:1-19:12
MERGED from [com.google.firebase:firebase-common:11.0.4] AndroidManifest.xml:2:1-8:12
MERGED from [com.google.android.gms:play-services-ads:11.0.4] AndroidManifest.xml:16:1-18:12
MERGED from [com.google.android.gms:play-services-analytics:11.0.4] AndroidManifest.xml:16:1-27:12
MERGED from [com.google.android.gms:play-services-tagmanager-v4-impl:11.0.4] AndroidManifest.xml:16:1-20:12
MERGED from [com.google.android.gms:play-services-analytics-impl:11.0.4] AndroidManifest.xml:16:1-27:12
MERGED from [com.google.android.gms:play-services-auth-api-phone:11.0.4] AndroidManifest.xml:2:1-4:12
MERGED from [com.google.android.gms:play-services-auth:11.0.4] AndroidManifest.xml:16:1-26:12
MERGED from [com.google.android.gms:play-services-auth-base:11.0.4] AndroidManifest.xml:2:1-5:12
MERGED from [com.google.android.gms:play-services-clearcut:11.0.4] AndroidManifest.xml:16:1-19:12
MERGED from [com.google.android.gms:play-services-awareness:11.0.4] AndroidManifest.xml:16:1-19:12
MERGED from [com.google.android.gms:play-services-games:11.0.4] AndroidManifest.xml:16:1-19:12
MERGED from [com.google.android.gms:play-services-drive:11.0.4] AndroidManifest.xml:16:1-19:12
MERGED from [com.google.android.gms:play-services-fitness:11.0.4] AndroidManifest.xml:16:1-19:12
MERGED from [com.google.android.gms:play-services-gcm:11.0.4] AndroidManifest.xml:16:1-24:12
MERGED from [com.google.android.gms:play-services-wallet:11.0.4] AndroidManifest.xml:16:1-20:12
MERGED from [com.google.android.gms:play-services-identity:11.0.4] AndroidManifest.xml:16:1-19:12
MERGED from [com.google.android.gms:play-services-iid:11.0.4] AndroidManifest.xml:16:1-24:12
MERGED from [com.google.android.gms:play-services-instantapps:11.0.4] AndroidManifest.xml:2:1-4:12
MERGED from [com.google.android.gms:play-services-location:11.0.4] AndroidManifest.xml:2:1-5:12
MERGED from [com.google.android.gms:play-services-places:11.0.4] AndroidManifest.xml:16:1-19:12
MERGED from [com.google.android.gms:play-services-maps:11.0.4] AndroidManifest.xml:16:1-25:12
MERGED from [com.google.android.gms:play-services-nearby:11.0.4] AndroidManifest.xml:2:1-6:12
MERGED from [com.google.android.gms:play-services-panorama:11.0.4] AndroidManifest.xml:16:1-19:12
MERGED from [com.google.android.gms:play-services-plus:11.0.4] AndroidManifest.xml:16:1-19:12
MERGED from [com.google.android.gms:play-services-safetynet:11.0.4] AndroidManifest.xml:16:1-19:12
MERGED from [com.google.android.gms:play-services-vision:11.0.4] AndroidManifest.xml:2:1-5:12
MERGED from [com.google.android.gms:play-services-vision-common:11.0.4] AndroidManifest.xml:2:1-5:12
MERGED from [com.google.android.gms:play-services-wearable:11.0.4] AndroidManifest.xml:16:1-19:12
MERGED from [com.google.android.gms:play-services-base:11.0.4] AndroidManifest.xml:16:1-21:12
MERGED from [com.google.android.gms:play-services-tasks:11.0.4] AndroidManifest.xml:2:1-5:12
MERGED from [com.google.firebase:firebase-storage-common:11.0.4] AndroidManifest.xml:2:1-4:12
MERGED from [com.google.android.gms:play-services-ads-lite:11.0.4] AndroidManifest.xml:16:1-27:12
MERGED from [com.google.android.gms:play-services-gass:11.0.4] AndroidManifest.xml:2:1-5:12
MERGED from [com.google.android.gms:play-services-basement:11.0.4] AndroidManifest.xml:16:1-23:12
MERGED from [com.android.support:support-v4:26.1.0] AndroidManifest.xml:17:1-31:12
MERGED from [com.android.support:support-media-compat:26.1.0] AndroidManifest.xml:17:1-31:12
MERGED from [com.android.support:support-fragment:26.1.0] AndroidManifest.xml:17:1-31:12
MERGED from [com.android.support:animated-vector-drawable:26.1.0] AndroidManifest.xml:17:1-28:12
MERGED from [com.android.support:support-core-ui:26.1.0] AndroidManifest.xml:17:1-31:12
MERGED from [com.android.support:support-vector-drawable:26.1.0] AndroidManifest.xml:17:1-28:12
MERGED from [com.android.support:palette-v7:25.2.0] AndroidManifest.xml:17:1-25:12
MERGED from [com.android.support:support-core-utils:26.1.0] AndroidManifest.xml:17:1-31:12
MERGED from [com.android.support:support-compat:26.1.0] AndroidManifest.xml:17:1-31:12
MERGED from [android.arch.lifecycle:runtime:1.0.0] AndroidManifest.xml:17:1-30:12
INJECTED from src\main\AndroidManifest.xml:2:1-33:12
INJECTED from src\main\AndroidManifest.xml:2:1-33:12
INJECTED from src\main\AndroidManifest.xml:2:1-33:12
	package
		ADDED from src\main\AndroidManifest.xml:3:5-44
		INJECTED from src\main\AndroidManifest.xml
		INJECTED from src\main\AndroidManifest.xml
	android:versionName
		INJECTED from src\main\AndroidManifest.xml
		ADDED from src\main\AndroidManifest.xml:2:1-33:12
		INJECTED from src\main\AndroidManifest.xml
	android:versionCode
		INJECTED from src\main\AndroidManifest.xml
		ADDED from src\main\AndroidManifest.xml:2:1-33:12
		INJECTED from src\main\AndroidManifest.xml
	xmlns:android
		ADDED from src\main\AndroidManifest.xml:2:11-69
uses-permission#android.permission.INTERNET
ADDED from src\main\AndroidManifest.xml:4:5-66
MERGED from [com.google.firebase:firebase-crash:11.0.4] AndroidManifest.xml:18:5-66
MERGED from [com.google.firebase:firebase-crash:11.0.4] AndroidManifest.xml:18:5-66
MERGED from [com.google.android.gms:play-services-appinvite:11.0.4] AndroidManifest.xml:18:5-66
MERGED from [com.google.android.gms:play-services-appinvite:11.0.4] AndroidManifest.xml:18:5-66
MERGED from [com.google.android.gms:play-services-tagmanager-api:11.0.4] AndroidManifest.xml:20:5-66
MERGED from [com.google.android.gms:play-services-tagmanager-api:11.0.4] AndroidManifest.xml:20:5-66
MERGED from [com.google.firebase:firebase-analytics:11.0.4] AndroidManifest.xml:20:5-66
MERGED from [com.google.firebase:firebase-analytics:11.0.4] AndroidManifest.xml:20:5-66
MERGED from [com.google.firebase:firebase-analytics-impl:11.0.4] AndroidManifest.xml:20:5-66
MERGED from [com.google.firebase:firebase-analytics-impl:11.0.4] AndroidManifest.xml:20:5-66
MERGED from [com.google.firebase:firebase-iid:11.0.4] AndroidManifest.xml:20:5-66
MERGED from [com.google.firebase:firebase-iid:11.0.4] AndroidManifest.xml:20:5-66
MERGED from [com.google.android.gms:play-services-analytics:11.0.4] AndroidManifest.xml:20:5-66
MERGED from [com.google.android.gms:play-services-analytics:11.0.4] AndroidManifest.xml:20:5-66
MERGED from [com.google.android.gms:play-services-analytics-impl:11.0.4] AndroidManifest.xml:20:5-66
MERGED from [com.google.android.gms:play-services-analytics-impl:11.0.4] AndroidManifest.xml:20:5-66
MERGED from [com.google.android.gms:play-services-gcm:11.0.4] AndroidManifest.xml:21:5-66
MERGED from [com.google.android.gms:play-services-gcm:11.0.4] AndroidManifest.xml:21:5-66
MERGED from [com.google.android.gms:play-services-iid:11.0.4] AndroidManifest.xml:21:5-66
MERGED from [com.google.android.gms:play-services-iid:11.0.4] AndroidManifest.xml:21:5-66
MERGED from [com.google.android.gms:play-services-maps:11.0.4] AndroidManifest.xml:20:5-66
MERGED from [com.google.android.gms:play-services-maps:11.0.4] AndroidManifest.xml:20:5-66
MERGED from [com.google.android.gms:play-services-ads-lite:11.0.4] AndroidManifest.xml:19:5-66
MERGED from [com.google.android.gms:play-services-ads-lite:11.0.4] AndroidManifest.xml:19:5-66
	android:name
		ADDED from src\main\AndroidManifest.xml:4:22-64
permission#com.example.mapexdemo.permission.MAPS_RECEIVE
ADDED from src\main\AndroidManifest.xml:5:5-7:47
	android:protectionLevel
		ADDED from src\main\AndroidManifest.xml:7:9-44
	android:name
		ADDED from src\main\AndroidManifest.xml:6:9-69
application
ADDED from src\main\AndroidManifest.xml:9:5-31:19
MERGED from [com.google.android.gms:play-services:11.0.4] AndroidManifest.xml:5:5-20
MERGED from [com.google.android.gms:play-services:11.0.4] AndroidManifest.xml:5:5-20
MERGED from [com.google.android.gms:play-services-cast-framework:11.0.4] AndroidManifest.xml:4:5-8:19
MERGED from [com.google.android.gms:play-services-cast-framework:11.0.4] AndroidManifest.xml:4:5-8:19
MERGED from [com.google.android.gms:play-services-cast:11.0.4] AndroidManifest.xml:18:5-19
MERGED from [com.google.android.gms:play-services-cast:11.0.4] AndroidManifest.xml:18:5-19
MERGED from [com.android.support:mediarouter-v7:25.2.0] AndroidManifest.xml:22:5-20
MERGED from [com.android.support:mediarouter-v7:25.2.0] AndroidManifest.xml:22:5-20
MERGED from [com.android.support:appcompat-v7:26.1.0] AndroidManifest.xml:25:5-29:19
MERGED from [com.android.support:appcompat-v7:26.1.0] AndroidManifest.xml:25:5-29:19
MERGED from [com.android.support.constraint:constraint-layout:1.1.3] AndroidManifest.xml:9:5-20
MERGED from [com.android.support.constraint:constraint-layout:1.1.3] AndroidManifest.xml:9:5-20
MERGED from [com.google.firebase:firebase-auth:11.0.4] AndroidManifest.xml:19:5-20:19
MERGED from [com.google.firebase:firebase-auth:11.0.4] AndroidManifest.xml:19:5-20:19
MERGED from [com.google.firebase:firebase-config:11.0.4] AndroidManifest.xml:18:5-19
MERGED from [com.google.firebase:firebase-config:11.0.4] AndroidManifest.xml:18:5-19
MERGED from [com.google.firebase:firebase-crash:11.0.4] AndroidManifest.xml:22:5-23:19
MERGED from [com.google.firebase:firebase-crash:11.0.4] AndroidManifest.xml:22:5-23:19
MERGED from [com.google.android.gms:play-services-appinvite:11.0.4] AndroidManifest.xml:19:5-26:19
MERGED from [com.google.android.gms:play-services-appinvite:11.0.4] AndroidManifest.xml:19:5-26:19
MERGED from [com.google.firebase:firebase-dynamic-links:11.0.4] AndroidManifest.xml:5:3-17
MERGED from [com.google.firebase:firebase-dynamic-links:11.0.4] AndroidManifest.xml:5:3-17
MERGED from [com.google.firebase:firebase-messaging:11.0.4] AndroidManifest.xml:19:5-29:19
MERGED from [com.google.firebase:firebase-messaging:11.0.4] AndroidManifest.xml:19:5-29:19
MERGED from [com.google.android.gms:play-services-tagmanager-api:11.0.4] AndroidManifest.xml:23:5-33:19
MERGED from [com.google.android.gms:play-services-tagmanager-api:11.0.4] AndroidManifest.xml:23:5-33:19
MERGED from [com.google.firebase:firebase-analytics:11.0.4] AndroidManifest.xml:24:5-34:19
MERGED from [com.google.firebase:firebase-analytics:11.0.4] AndroidManifest.xml:24:5-34:19
MERGED from [com.google.firebase:firebase-analytics-impl:11.0.4] AndroidManifest.xml:24:5-28:19
MERGED from [com.google.firebase:firebase-analytics-impl:11.0.4] AndroidManifest.xml:24:5-28:19
MERGED from [com.google.firebase:firebase-iid:11.0.4] AndroidManifest.xml:28:5-49:19
MERGED from [com.google.firebase:firebase-iid:11.0.4] AndroidManifest.xml:28:5-49:19
MERGED from [com.google.firebase:firebase-appindexing:11.0.4] AndroidManifest.xml:18:5-19
MERGED from [com.google.firebase:firebase-appindexing:11.0.4] AndroidManifest.xml:18:5-19
MERGED from [com.google.firebase:firebase-common:11.0.4] AndroidManifest.xml:4:5-7:19
MERGED from [com.google.firebase:firebase-common:11.0.4] AndroidManifest.xml:4:5-7:19
MERGED from [com.google.android.gms:play-services-analytics:11.0.4] AndroidManifest.xml:26:5-19
MERGED from [com.google.android.gms:play-services-analytics:11.0.4] AndroidManifest.xml:26:5-19
MERGED from [com.google.android.gms:play-services-tagmanager-v4-impl:11.0.4] AndroidManifest.xml:19:5-19
MERGED from [com.google.android.gms:play-services-tagmanager-v4-impl:11.0.4] AndroidManifest.xml:19:5-19
MERGED from [com.google.android.gms:play-services-analytics-impl:11.0.4] AndroidManifest.xml:26:5-19
MERGED from [com.google.android.gms:play-services-analytics-impl:11.0.4] AndroidManifest.xml:26:5-19
MERGED from [com.google.android.gms:play-services-auth:11.0.4] AndroidManifest.xml:19:5-25:19
MERGED from [com.google.android.gms:play-services-auth:11.0.4] AndroidManifest.xml:19:5-25:19
MERGED from [com.google.android.gms:play-services-clearcut:11.0.4] AndroidManifest.xml:18:5-19
MERGED from [com.google.android.gms:play-services-clearcut:11.0.4] AndroidManifest.xml:18:5-19
MERGED from [com.google.android.gms:play-services-awareness:11.0.4] AndroidManifest.xml:18:5-19
MERGED from [com.google.android.gms:play-services-awareness:11.0.4] AndroidManifest.xml:18:5-19
MERGED from [com.google.android.gms:play-services-games:11.0.4] AndroidManifest.xml:18:5-19
MERGED from [com.google.android.gms:play-services-games:11.0.4] AndroidManifest.xml:18:5-19
MERGED from [com.google.android.gms:play-services-drive:11.0.4] AndroidManifest.xml:18:5-19
MERGED from [com.google.android.gms:play-services-drive:11.0.4] AndroidManifest.xml:18:5-19
MERGED from [com.google.android.gms:play-services-fitness:11.0.4] AndroidManifest.xml:18:5-19
MERGED from [com.google.android.gms:play-services-fitness:11.0.4] AndroidManifest.xml:18:5-19
MERGED from [com.google.android.gms:play-services-gcm:11.0.4] AndroidManifest.xml:23:5-19
MERGED from [com.google.android.gms:play-services-gcm:11.0.4] AndroidManifest.xml:23:5-19
MERGED from [com.google.android.gms:play-services-identity:11.0.4] AndroidManifest.xml:18:5-19
MERGED from [com.google.android.gms:play-services-identity:11.0.4] AndroidManifest.xml:18:5-19
MERGED from [com.google.android.gms:play-services-iid:11.0.4] AndroidManifest.xml:23:5-19
MERGED from [com.google.android.gms:play-services-iid:11.0.4] AndroidManifest.xml:23:5-19
MERGED from [com.google.android.gms:play-services-location:11.0.4] AndroidManifest.xml:4:5-19
MERGED from [com.google.android.gms:play-services-location:11.0.4] AndroidManifest.xml:4:5-19
MERGED from [com.google.android.gms:play-services-places:11.0.4] AndroidManifest.xml:18:5-19
MERGED from [com.google.android.gms:play-services-places:11.0.4] AndroidManifest.xml:18:5-19
MERGED from [com.google.android.gms:play-services-maps:11.0.4] AndroidManifest.xml:24:5-19
MERGED from [com.google.android.gms:play-services-maps:11.0.4] AndroidManifest.xml:24:5-19
MERGED from [com.google.android.gms:play-services-nearby:11.0.4] AndroidManifest.xml:5:5-19
MERGED from [com.google.android.gms:play-services-nearby:11.0.4] AndroidManifest.xml:5:5-19
MERGED from [com.google.android.gms:play-services-panorama:11.0.4] AndroidManifest.xml:18:5-19
MERGED from [com.google.android.gms:play-services-panorama:11.0.4] AndroidManifest.xml:18:5-19
MERGED from [com.google.android.gms:play-services-plus:11.0.4] AndroidManifest.xml:18:5-19
MERGED from [com.google.android.gms:play-services-plus:11.0.4] AndroidManifest.xml:18:5-19
MERGED from [com.google.android.gms:play-services-safetynet:11.0.4] AndroidManifest.xml:18:5-19
MERGED from [com.google.android.gms:play-services-safetynet:11.0.4] AndroidManifest.xml:18:5-19
MERGED from [com.google.android.gms:play-services-vision:11.0.4] AndroidManifest.xml:4:5-19
MERGED from [com.google.android.gms:play-services-vision:11.0.4] AndroidManifest.xml:4:5-19
MERGED from [com.google.android.gms:play-services-vision-common:11.0.4] AndroidManifest.xml:4:5-19
MERGED from [com.google.android.gms:play-services-vision-common:11.0.4] AndroidManifest.xml:4:5-19
MERGED from [com.google.android.gms:play-services-wearable:11.0.4] AndroidManifest.xml:18:5-19
MERGED from [com.google.android.gms:play-services-wearable:11.0.4] AndroidManifest.xml:18:5-19
MERGED from [com.google.android.gms:play-services-base:11.0.4] AndroidManifest.xml:18:5-20:19
MERGED from [com.google.android.gms:play-services-base:11.0.4] AndroidManifest.xml:18:5-20:19
MERGED from [com.google.android.gms:play-services-tasks:11.0.4] AndroidManifest.xml:4:5-19
MERGED from [com.google.android.gms:play-services-tasks:11.0.4] AndroidManifest.xml:4:5-19
MERGED from [com.google.android.gms:play-services-ads-lite:11.0.4] AndroidManifest.xml:23:5-26:19
MERGED from [com.google.android.gms:play-services-ads-lite:11.0.4] AndroidManifest.xml:23:5-26:19
MERGED from [com.google.android.gms:play-services-gass:11.0.4] AndroidManifest.xml:4:5-19
MERGED from [com.google.android.gms:play-services-gass:11.0.4] AndroidManifest.xml:4:5-19
MERGED from [com.google.android.gms:play-services-basement:11.0.4] AndroidManifest.xml:19:5-21:19
MERGED from [com.google.android.gms:play-services-basement:11.0.4] AndroidManifest.xml:19:5-21:19
MERGED from [com.android.support:support-v4:26.1.0] AndroidManifest.xml:25:5-29:19
MERGED from [com.android.support:support-v4:26.1.0] AndroidManifest.xml:25:5-29:19
MERGED from [com.android.support:support-media-compat:26.1.0] AndroidManifest.xml:25:5-29:19
MERGED from [com.android.support:support-media-compat:26.1.0] AndroidManifest.xml:25:5-29:19
MERGED from [com.android.support:support-fragment:26.1.0] AndroidManifest.xml:25:5-29:19
MERGED from [com.android.support:support-fragment:26.1.0] AndroidManifest.xml:25:5-29:19
MERGED from [com.android.support:animated-vector-drawable:26.1.0] AndroidManifest.xml:22:5-26:19
MERGED from [com.android.support:animated-vector-drawable:26.1.0] AndroidManifest.xml:22:5-26:19
MERGED from [com.android.support:support-core-ui:26.1.0] AndroidManifest.xml:25:5-29:19
MERGED from [com.android.support:support-core-ui:26.1.0] AndroidManifest.xml:25:5-29:19
MERGED from [com.android.support:support-vector-drawable:26.1.0] AndroidManifest.xml:22:5-26:19
MERGED from [com.android.support:support-vector-drawable:26.1.0] AndroidManifest.xml:22:5-26:19
MERGED from [com.android.support:palette-v7:25.2.0] AndroidManifest.xml:22:5-23:19
MERGED from [com.android.support:palette-v7:25.2.0] AndroidManifest.xml:22:5-23:19
MERGED from [com.android.support:support-core-utils:26.1.0] AndroidManifest.xml:25:5-29:19
MERGED from [com.android.support:support-core-utils:26.1.0] AndroidManifest.xml:25:5-29:19
MERGED from [com.android.support:support-compat:26.1.0] AndroidManifest.xml:25:5-29:19
MERGED from [com.android.support:support-compat:26.1.0] AndroidManifest.xml:25:5-29:19
MERGED from [android.arch.lifecycle:runtime:1.0.0] AndroidManifest.xml:24:5-28:19
MERGED from [android.arch.lifecycle:runtime:1.0.0] AndroidManifest.xml:24:5-28:19
	android:supportsRtl
		ADDED from src\main\AndroidManifest.xml:14:9-35
	android:label
		ADDED from src\main\AndroidManifest.xml:12:9-41
	android:roundIcon
		ADDED from src\main\AndroidManifest.xml:13:9-54
	android:icon
		ADDED from src\main\AndroidManifest.xml:11:9-43
	android:allowBackup
		ADDED from src\main\AndroidManifest.xml:10:9-35
	android:theme
		ADDED from src\main\AndroidManifest.xml:15:9-40
meta-data#com.google.android.maps.v2.API_KEY
ADDED from src\main\AndroidManifest.xml:16:9-18:71
	android:value
		ADDED from src\main\AndroidManifest.xml:18:13-68
	android:name
		ADDED from src\main\AndroidManifest.xml:17:13-62
meta-data#com.google.android.gms.version
ADDED from src\main\AndroidManifest.xml:20:9-21:69
MERGED from [com.google.android.gms:play-services-basement:11.0.4] AndroidManifest.xml:20:9-121
MERGED from [com.google.android.gms:play-services-basement:11.0.4] AndroidManifest.xml:20:9-121
	android:value
		ADDED from src\main\AndroidManifest.xml:21:13-66
	android:name
		ADDED from src\main\AndroidManifest.xml:20:20-65
activity#com.example.android.projectbe.MainActivity
ADDED from src\main\AndroidManifest.xml:23:9-29:20
	android:name
		ADDED from src\main\AndroidManifest.xml:23:19-47
intent-filter#android.intent.action.MAIN+android.intent.category.LAUNCHER
ADDED from src\main\AndroidManifest.xml:24:13-28:29
action#android.intent.action.MAIN
ADDED from src\main\AndroidManifest.xml:25:17-69
	android:name
		ADDED from src\main\AndroidManifest.xml:25:25-66
category#android.intent.category.LAUNCHER
ADDED from src\main\AndroidManifest.xml:27:17-77
	android:name
		ADDED from src\main\AndroidManifest.xml:27:27-74
activity#com.example.android.projectbe.MapsActivity
ADDED from src\main\AndroidManifest.xml:30:9-50
	android:name
		ADDED from src\main\AndroidManifest.xml:30:19-47
uses-sdk
INJECTED from src\main\AndroidManifest.xml reason: use-sdk injection requested
INJECTED from src\main\AndroidManifest.xml
INJECTED from src\main\AndroidManifest.xml
MERGED from [com.google.android.gms:play-services:11.0.4] AndroidManifest.xml:4:5-43
MERGED from [com.google.android.gms:play-services:11.0.4] AndroidManifest.xml:4:5-43
MERGED from [com.google.android.gms:play-services-cast-framework:11.0.4] AndroidManifest.xml:3:5-43
MERGED from [com.google.android.gms:play-services-cast-framework:11.0.4] AndroidManifest.xml:3:5-43
MERGED from [com.google.android.gms:play-services-cast:11.0.4] AndroidManifest.xml:17:5-43
MERGED from [com.google.android.gms:play-services-cast:11.0.4] AndroidManifest.xml:17:5-43
MERGED from [com.android.support:mediarouter-v7:25.2.0] AndroidManifest.xml:20:5-43
MERGED from [com.android.support:mediarouter-v7:25.2.0] AndroidManifest.xml:20:5-43
MERGED from [com.android.support:appcompat-v7:26.1.0] AndroidManifest.xml:21:5-23:78
MERGED from [com.android.support:appcompat-v7:26.1.0] AndroidManifest.xml:21:5-23:78
MERGED from [com.android.support.constraint:constraint-layout:1.1.3] AndroidManifest.xml:5:5-7:41
MERGED from [com.android.support.constraint:constraint-layout:1.1.3] AndroidManifest.xml:5:5-7:41
MERGED from [com.google.firebase:firebase-database:11.0.4] AndroidManifest.xml:3:5-43
MERGED from [com.google.firebase:firebase-database:11.0.4] AndroidManifest.xml:3:5-43
MERGED from [com.google.firebase:firebase-storage:11.0.4] AndroidManifest.xml:3:5-43
MERGED from [com.google.firebase:firebase-storage:11.0.4] AndroidManifest.xml:3:5-43
MERGED from [com.google.firebase:firebase-auth:11.0.4] AndroidManifest.xml:17:5-43
MERGED from [com.google.firebase:firebase-auth:11.0.4] AndroidManifest.xml:17:5-43
MERGED from [com.google.firebase:firebase-database-connection:11.0.4] AndroidManifest.xml:3:5-43
MERGED from [com.google.firebase:firebase-database-connection:11.0.4] AndroidManifest.xml:3:5-43
MERGED from [com.google.firebase:firebase-config:11.0.4] AndroidManifest.xml:17:5-43
MERGED from [com.google.firebase:firebase-config:11.0.4] AndroidManifest.xml:17:5-43
MERGED from [com.google.firebase:firebase-crash:11.0.4] AndroidManifest.xml:20:5-43
MERGED from [com.google.firebase:firebase-crash:11.0.4] AndroidManifest.xml:20:5-43
MERGED from [com.google.android.gms:play-services-appinvite:11.0.4] AndroidManifest.xml:17:5-43
MERGED from [com.google.android.gms:play-services-appinvite:11.0.4] AndroidManifest.xml:17:5-43
MERGED from [com.google.firebase:firebase-dynamic-links:11.0.4] AndroidManifest.xml:3:3-41
MERGED from [com.google.firebase:firebase-dynamic-links:11.0.4] AndroidManifest.xml:3:3-41
MERGED from [com.google.firebase:firebase-messaging:11.0.4] AndroidManifest.xml:17:5-43
MERGED from [com.google.firebase:firebase-messaging:11.0.4] AndroidManifest.xml:17:5-43
MERGED from [com.google.android.gms:play-services-tagmanager:11.0.4] AndroidManifest.xml:17:5-43
MERGED from [com.google.android.gms:play-services-tagmanager:11.0.4] AndroidManifest.xml:17:5-43
MERGED from [com.google.android.gms:play-services-tagmanager-api:11.0.4] AndroidManifest.xml:17:5-43
MERGED from [com.google.android.gms:play-services-tagmanager-api:11.0.4] AndroidManifest.xml:17:5-43
MERGED from [com.google.firebase:firebase-analytics:11.0.4] AndroidManifest.xml:17:5-43
MERGED from [com.google.firebase:firebase-analytics:11.0.4] AndroidManifest.xml:17:5-43
MERGED from [com.google.firebase:firebase-analytics-impl:11.0.4] AndroidManifest.xml:17:5-43
MERGED from [com.google.firebase:firebase-analytics-impl:11.0.4] AndroidManifest.xml:17:5-43
MERGED from [com.google.firebase:firebase-iid:11.0.4] AndroidManifest.xml:17:5-43
MERGED from [com.google.firebase:firebase-iid:11.0.4] AndroidManifest.xml:17:5-43
MERGED from [com.google.firebase:firebase-appindexing:11.0.4] AndroidManifest.xml:17:5-43
MERGED from [com.google.firebase:firebase-appindexing:11.0.4] AndroidManifest.xml:17:5-43
MERGED from [com.google.firebase:firebase-common:11.0.4] AndroidManifest.xml:3:5-43
MERGED from [com.google.firebase:firebase-common:11.0.4] AndroidManifest.xml:3:5-43
MERGED from [com.google.android.gms:play-services-ads:11.0.4] AndroidManifest.xml:17:5-43
MERGED from [com.google.android.gms:play-services-ads:11.0.4] AndroidManifest.xml:17:5-43
MERGED from [com.google.android.gms:play-services-analytics:11.0.4] AndroidManifest.xml:17:5-43
MERGED from [com.google.android.gms:play-services-analytics:11.0.4] AndroidManifest.xml:17:5-43
MERGED from [com.google.android.gms:play-services-tagmanager-v4-impl:11.0.4] AndroidManifest.xml:17:5-43
MERGED from [com.google.android.gms:play-services-tagmanager-v4-impl:11.0.4] AndroidManifest.xml:17:5-43
MERGED from [com.google.android.gms:play-services-analytics-impl:11.0.4] AndroidManifest.xml:17:5-43
MERGED from [com.google.android.gms:play-services-analytics-impl:11.0.4] AndroidManifest.xml:17:5-43
MERGED from [com.google.android.gms:play-services-auth-api-phone:11.0.4] AndroidManifest.xml:3:3-41
MERGED from [com.google.android.gms:play-services-auth-api-phone:11.0.4] AndroidManifest.xml:3:3-41
MERGED from [com.google.android.gms:play-services-auth:11.0.4] AndroidManifest.xml:17:5-43
MERGED from [com.google.android.gms:play-services-auth:11.0.4] AndroidManifest.xml:17:5-43
MERGED from [com.google.android.gms:play-services-auth-base:11.0.4] AndroidManifest.xml:4:5-43
MERGED from [com.google.android.gms:play-services-auth-base:11.0.4] AndroidManifest.xml:4:5-43
MERGED from [com.google.android.gms:play-services-clearcut:11.0.4] AndroidManifest.xml:17:5-43
MERGED from [com.google.android.gms:play-services-clearcut:11.0.4] AndroidManifest.xml:17:5-43
MERGED from [com.google.android.gms:play-services-awareness:11.0.4] AndroidManifest.xml:17:5-43
MERGED from [com.google.android.gms:play-services-awareness:11.0.4] AndroidManifest.xml:17:5-43
MERGED from [com.google.android.gms:play-services-games:11.0.4] AndroidManifest.xml:17:5-43
MERGED from [com.google.android.gms:play-services-games:11.0.4] AndroidManifest.xml:17:5-43
MERGED from [com.google.android.gms:play-services-drive:11.0.4] AndroidManifest.xml:17:5-43
MERGED from [com.google.android.gms:play-services-drive:11.0.4] AndroidManifest.xml:17:5-43
MERGED from [com.google.android.gms:play-services-fitness:11.0.4] AndroidManifest.xml:17:5-43
MERGED from [com.google.android.gms:play-services-fitness:11.0.4] AndroidManifest.xml:17:5-43
MERGED from [com.google.android.gms:play-services-gcm:11.0.4] AndroidManifest.xml:17:5-43
MERGED from [com.google.android.gms:play-services-gcm:11.0.4] AndroidManifest.xml:17:5-43
MERGED from [com.google.android.gms:play-services-wallet:11.0.4] AndroidManifest.xml:18:5-43
MERGED from [com.google.android.gms:play-services-wallet:11.0.4] AndroidManifest.xml:18:5-43
MERGED from [com.google.android.gms:play-services-identity:11.0.4] AndroidManifest.xml:17:5-43
MERGED from [com.google.android.gms:play-services-identity:11.0.4] AndroidManifest.xml:17:5-43
MERGED from [com.google.android.gms:play-services-iid:11.0.4] AndroidManifest.xml:17:5-43
MERGED from [com.google.android.gms:play-services-iid:11.0.4] AndroidManifest.xml:17:5-43
MERGED from [com.google.android.gms:play-services-instantapps:11.0.4] AndroidManifest.xml:3:5-43
MERGED from [com.google.android.gms:play-services-instantapps:11.0.4] AndroidManifest.xml:3:5-43
MERGED from [com.google.android.gms:play-services-location:11.0.4] AndroidManifest.xml:3:5-43
MERGED from [com.google.android.gms:play-services-location:11.0.4] AndroidManifest.xml:3:5-43
MERGED from [com.google.android.gms:play-services-places:11.0.4] AndroidManifest.xml:17:5-43
MERGED from [com.google.android.gms:play-services-places:11.0.4] AndroidManifest.xml:17:5-43
MERGED from [com.google.android.gms:play-services-maps:11.0.4] AndroidManifest.xml:23:5-43
MERGED from [com.google.android.gms:play-services-maps:11.0.4] AndroidManifest.xml:23:5-43
MERGED from [com.google.android.gms:play-services-nearby:11.0.4] AndroidManifest.xml:3:5-43
MERGED from [com.google.android.gms:play-services-nearby:11.0.4] AndroidManifest.xml:3:5-43
MERGED from [com.google.android.gms:play-services-panorama:11.0.4] AndroidManifest.xml:17:5-43
MERGED from [com.google.android.gms:play-services-panorama:11.0.4] AndroidManifest.xml:17:5-43